Arguments: 
  /Users/dupuisjerome/.nvm/versions/node/v10.17.0/bin/node /usr/local/Cellar/yarn/1.22.4/libexec/bin/yarn.js

PATH: 
  /Users/dupuisjerome/Downloads/google-cloud-sdk/bin:/Users/dupuisjerome/.nvm/versions/node/v10.17.0/bin:/usr/local/bin:/usr/bin:/bin:/usr/sbin:/sbin

Yarn version: 
  1.22.4

Node version: 
  10.17.0

Platform: 
  darwin x64

Trace: 
  SyntaxError: /Users/dupuisjerome/Test/fullstack/src/graphql/package.json: Unexpected string in JSON at position 906
      at JSON.parse (<anonymous>)
      at /usr/local/Cellar/yarn/1.22.4/libexec/lib/cli.js:1625:59
      at Generator.next (<anonymous>)
      at step (/usr/local/Cellar/yarn/1.22.4/libexec/lib/cli.js:310:30)
      at /usr/local/Cellar/yarn/1.22.4/libexec/lib/cli.js:321:13

npm manifest: 
  {
    "name": "fullstack",
    "version": "1.0.0",
    "private": true,
    "author": "Jerome J-F L. Dupuis",
    "workspaces": {
      "packages": [
        "src/*",
        "functions"
      ]
    },
    "scripts": {
      "dev:client": "yarn workspace fullstack-next dev",
      "dev:server": "yarn workspace fullstack-server dev",
      "build:client": "rimraf ./functions/next && yarn workspace fullstack-next build",
      "build:public": "rimraf ./functions/public && cp -R src/public functions/public",
      "build:server": "rimraf ./functions/server && yarn workspace fullstack-server build",
      "build:all": "yarn build:public && yarn build:server && yarn build:client && yarn functions:build",
      "functions:build": "yarn workspace fullstack-functions build",
      "functions:serve": "yarn build:all && yarn workspace fullstack-functions serve",
      "functions:predeploy": "yarn build:all && yarn workspace fullstack-functions predeploy",
      "functions:deploy": "yarn workspace fullstack-functions deploy"
    },
    "devDependencies": {
      "commander": "^6.0.0",
      "cross-env": "^7.0.2",
      "dotenv": "^8.2.0",
      "jsonfile": "^6.0.1",
      "rimraf": "^3.0.2"
    }
  }

yarn manifest: 
  No manifest

Lockfile: 
  No lockfile
