Arguments: 
  /Users/dupuisjerome/.nvm/versions/node/v10.16.0/bin/node /Users/dupuisjerome/.nvm/versions/node/v10.16.0/bin/yarn export

PATH: 
  /Users/dupuisjerome/.nvm/versions/node/v10.16.0/bin:/usr/local/bin:/usr/bin:/bin:/usr/sbin:/sbin

Yarn version: 
  1.22.4

Node version: 
  10.16.0

Platform: 
  darwin x64

Trace: 
  SyntaxError: /Users/dupuisjerome/Test/fullstack/src/next/package.json: Unexpected token } in JSON at position 163
      at JSON.parse (<anonymous>)
      at /Users/dupuisjerome/.nvm/versions/node/v10.16.0/lib/node_modules/yarn/lib/cli.js:1625:59
      at Generator.next (<anonymous>)
      at step (/Users/dupuisjerome/.nvm/versions/node/v10.16.0/lib/node_modules/yarn/lib/cli.js:310:30)
      at /Users/dupuisjerome/.nvm/versions/node/v10.16.0/lib/node_modules/yarn/lib/cli.js:321:13

npm manifest: 
  {
    "name": "fullstack-next",
    "version": "1.0.0",
    "private": true,
    "scripts": {
      "dev": "next",
      "build": "next build",
      "export": "next export",
    },
    "dependencies": {
      "@types/next": "^9.0.0",
      "@types/react": "^16.9.43",
      "next": "^9.4.4",
      "react": "^16.13.1",
      "react-dom": "^16.13.1"
    },
    "devDependencies": {
      "@types/node": "^14.0.24",
      "typescript": "^3.9.7"
    }
  }

yarn manifest: 
  No manifest

Lockfile: 
  No lockfile
